  AirControlTraining.cpp
E:\ProjetDev\Visual\Bakkesmod\airControlTraining\AirControlTraining\AirControlTraining.cpp(43,37): warning C4244: 'argument' : conversion de 'int' en 'float', perte possible de données
E:\ProjetDev\Visual\Bakkesmod\airControlTraining\AirControlTraining\AirControlTraining.cpp(43,21): warning C4244: 'argument' : conversion de 'int' en 'float', perte possible de données
E:\ProjetDev\Visual\Bakkesmod\airControlTraining\AirControlTraining\AirControlTraining.cpp(76,21): warning C4244: '=' : conversion de 'double' en 'float', perte possible de données
E:\ProjetDev\Visual\Bakkesmod\airControlTraining\AirControlTraining\AirControlTraining.cpp(82,44): warning C4244: '=' : conversion de 'time_t' en 'int', perte possible de données
E:\ProjetDev\Visual\Bakkesmod\airControlTraining\AirControlTraining\AirControlTraining.cpp(83,39): warning C4244: 'argument' : conversion de 'int' en 'float', perte possible de données
E:\ProjetDev\Visual\Bakkesmod\airControlTraining\AirControlTraining\AirControlTraining.cpp(83,22): warning C4244: 'argument' : conversion de 'int' en 'float', perte possible de données
E:\ProjetDev\Visual\Bakkesmod\airControlTraining\AirControlTraining\AirControlTraining.cpp(86,23): warning C4244: '=' : conversion de 'time_t' en 'int', perte possible de données
E:\ProjetDev\Visual\Bakkesmod\airControlTraining\AirControlTraining\AirControlTraining.cpp(159,32): warning C4309: 'argument' : troncation de valeur de constante
E:\ProjetDev\Visual\Bakkesmod\airControlTraining\AirControlTraining\AirControlTraining.cpp(159,28): warning C4309: 'argument' : troncation de valeur de constante
E:\ProjetDev\Visual\Bakkesmod\airControlTraining\AirControlTraining\AirControlTraining.cpp(159,24): warning C4309: 'argument' : troncation de valeur de constante
E:\ProjetDev\Visual\Bakkesmod\airControlTraining\AirControlTraining\AirControlTraining.cpp(159,20): warning C4309: 'argument' : troncation de valeur de constante
E:\ProjetDev\Visual\Bakkesmod\airControlTraining\AirControlTraining\AirControlTraining.cpp(172,32): warning C4309: 'argument' : troncation de valeur de constante
E:\ProjetDev\Visual\Bakkesmod\airControlTraining\AirControlTraining\AirControlTraining.cpp(172,23): warning C4309: 'argument' : troncation de valeur de constante
E:\ProjetDev\Visual\Bakkesmod\airControlTraining\AirControlTraining\AirControlTraining.cpp(196,34): warning C4309: 'argument' : troncation de valeur de constante
E:\ProjetDev\Visual\Bakkesmod\airControlTraining\AirControlTraining\AirControlTraining.cpp(196,29): warning C4309: 'argument' : troncation de valeur de constante
E:\ProjetDev\Visual\Bakkesmod\airControlTraining\AirControlTraining\AirControlTraining.cpp(196,24): warning C4309: 'argument' : troncation de valeur de constante
E:\ProjetDev\Visual\Bakkesmod\airControlTraining\AirControlTraining\AirControlTraining.cpp(196,19): warning C4309: 'argument' : troncation de valeur de constante
E:\ProjetDev\Visual\Bakkesmod\airControlTraining\AirControlTraining\AirControlTraining.cpp(209,20): warning C4244: 'initialisation' : conversion de 'double' en 'float', perte possible de données
     Création de la bibliothèque E:\ProjetDev\Visual\Bakkesmod\airControlTraining\AirControlTraining\x64\Release\AirControlTraining.lib et de l'objet E:\ProjetDev\Visual\Bakkesmod\airControlTraining\AirControlTraining\x64\Release\AirControlTraining.exp
  Génération de code en cours
  1 of 336 functions ( 0.3%) were compiled, the rest were copied from previous compilation.
    0 functions were new in current compilation
    0 functions had inline decision re-evaluated but remain unchanged
  Fin de la génération du code
  AirControlTraining.vcxproj -> E:\ProjetDev\Visual\Bakkesmod\airControlTraining\AirControlTraining\x64\Release\AirControlTraining.dll
